<?xml version="1.0" encoding="UTF-8"?>
<testsuite name="Regression Test Suite"
           tests="2"
           failures="1"
           errors="0"
           skipped="0"
           time="1.033">
  <properties />
            <testcase name="firstTestCase" time="1.023" classname="packOne.demoOne">
                <failure type="org.testng.internal.thread.ThreadTimeoutException"
                  message="Method packOne.demoOne.firstTestCase() didn&apos;t finish within the time-out 1000"
              >
<![CDATA[org.testng.internal.thread.ThreadTimeoutException: Method packOne.demoOne.firstTestCase() didn't finish within the time-out 1000
  java.util.concurrent.ThreadPoolExecutor.decrementWorkerCount(ThreadPoolExecutor.java:434)
  java.util.concurrent.ThreadPoolExecutor.getTask(ThreadPoolExecutor.java:1055)
  java.util.concurrent.ThreadPoolExecutor.runWorker(ThreadPoolExecutor.java:1134)
  java.util.concurrent.ThreadPoolExecutor$Worker.run(ThreadPoolExecutor.java:624)
  java.lang.Thread.run(Thread.java:748)
]]>
      </failure>

          </testcase>
  
  
            <testcase name="secondTestCase" time="0.010" classname="packOne.demoOne" />
      
</testsuite>
