<?xml version="1.0" encoding="UTF-8"?>
<testng-results total="1" passed="1" failed="0" skipped="0">
  <reporter-output>
  </reporter-output>
  <suite started-at="2020-06-24T04:13:56Z" name="Default suite" finished-at="2020-06-24T04:14:30Z" duration-ms="33541">
    <groups>
    </groups>
    <test started-at="2020-06-24T04:13:56Z" name="Default test" finished-at="2020-06-24T04:14:30Z" duration-ms="33541">
      <class name="Sigma.stockManagement">
        <test-method is-config="true" signature="setup()[pri:0, instance:Sigma.stockManagement@45fd9a4d]" started-at="2020-06-24T09:43:18Z" name="setup" finished-at="2020-06-24T09:43:56Z" duration-ms="38289" status="PASS">
          <reporter-output>
          </reporter-output>
        </test-method> <!-- setup -->
        <test-method signature="stockMovemet(java.lang.String, java.lang.String, java.lang.String, java.lang.String)[pri:0, instance:Sigma.stockManagement@45fd9a4d]" started-at="2020-06-24T09:43:56Z" name="stockMovemet" data-provider="dp" finished-at="2020-06-24T09:44:30Z" duration-ms="33516" status="PASS">
          <params>
            <param index="0">
              <value>
                <![CDATA[Bengaluru]]>
              </value>
            </param>
            <param index="1">
              <value>
                <![CDATA[Bin2]]>
              </value>
            </param>
            <param index="2">
              <value>
                <![CDATA[BOM]]>
              </value>
            </param>
            <param index="3">
              <value>
                <![CDATA[1]]>
              </value>
            </param>
          </params>
          <reporter-output>
          </reporter-output>
        </test-method> <!-- stockMovemet -->
        <test-method is-config="true" signature="close()[pri:0, instance:Sigma.stockManagement@45fd9a4d]" started-at="2020-06-24T09:44:30Z" name="close" finished-at="2020-06-24T09:44:30Z" duration-ms="1" status="PASS">
          <reporter-output>
          </reporter-output>
        </test-method> <!-- close -->
      </class> <!-- Sigma.stockManagement -->
    </test> <!-- Default test -->
  </suite> <!-- Default suite -->
</testng-results>
